<?xml version="1.0" encoding="UTF-8"?>
<testsuite xmlns:xsi="http://www.w3.org/2001/XMLSchema-instance" xsi:noNamespaceSchemaLocation="https://maven.apache.org/surefire/maven-surefire-plugin/xsd/surefire-test-report-3.0.xsd" version="3.0" name="com.placide.k8skafkaavroaepccleanarchibsmicroscompany.infra.adapters.output.services.OutputCompanyServiceImplTest" time="0.152" tests="9" errors="0" skipped="0" failures="0">
  <properties>
    <property name="java.specification.version" value="17"/>
    <property name="sun.jnu.encoding" value="UTF-8"/>
    <property name="java.class.path" value="/home/pn-zbook-g3/workspace/devops/AEPC-fullstack-1-application-microservices-protected-with-spring-security-oauth2/aepc-back-bs-ms-modules/aepc-api-spring-secur-oauth2-kafka-avro-bs-ms-company/target/test-classes:/home/pn-zbook-g3/workspace/devops/AEPC-fullstack-1-application-microservices-protected-with-spring-security-oauth2/aepc-back-bs-ms-modules/aepc-api-spring-secur-oauth2-kafka-avro-bs-ms-company/target/classes:/home/pn-zbook-g3/.m2/repository/org/springframework/boot/spring-boot-starter-data-jpa/3.2.1/spring-boot-starter-data-jpa-3.2.1.jar:/home/pn-zbook-g3/.m2/repository/org/springframework/boot/spring-boot-starter-aop/3.2.1/spring-boot-starter-aop-3.2.1.jar:/home/pn-zbook-g3/.m2/repository/org/springframework/spring-aop/6.1.2/spring-aop-6.1.2.jar:/home/pn-zbook-g3/.m2/repository/org/aspectj/aspectjweaver/1.9.21/aspectjweaver-1.9.21.jar:/home/pn-zbook-g3/.m2/repository/org/springframework/boot/spring-boot-starter-jdbc/3.2.1/spring-boot-starter-jdbc-3.2.1.jar:/home/pn-zbook-g3/.m2/repository/com/zaxxer/HikariCP/5.0.1/HikariCP-5.0.1.jar:/home/pn-zbook-g3/.m2/repository/org/springframework/spring-jdbc/6.1.2/spring-jdbc-6.1.2.jar:/home/pn-zbook-g3/.m2/repository/org/hibernate/orm/hibernate-core/6.4.1.Final/hibernate-core-6.4.1.Final.jar:/home/pn-zbook-g3/.m2/repository/jakarta/persistence/jakarta.persistence-api/3.1.0/jakarta.persistence-api-3.1.0.jar:/home/pn-zbook-g3/.m2/repository/jakarta/transaction/jakarta.transaction-api/2.0.1/jakarta.transaction-api-2.0.1.jar:/home/pn-zbook-g3/.m2/repository/org/jboss/logging/jboss-logging/3.5.3.Final/jboss-logging-3.5.3.Final.jar:/home/pn-zbook-g3/.m2/repository/org/hibernate/common/hibernate-commons-annotations/6.0.6.Final/hibernate-commons-annotations-6.0.6.Final.jar:/home/pn-zbook-g3/.m2/repository/io/smallrye/jandex/3.1.2/jandex-3.1.2.jar:/home/pn-zbook-g3/.m2/repository/com/fasterxml/classmate/1.6.0/classmate-1.6.0.jar:/home/pn-zbook-g3/.m2/repository/org/glassfish/jaxb/jaxb-runtime/4.0.4/jaxb-runtime-4.0.4.jar:/home/pn-zbook-g3/.m2/repository/org/glassfish/jaxb/jaxb-core/4.0.4/jaxb-core-4.0.4.jar:/home/pn-zbook-g3/.m2/repository/org/eclipse/angus/angus-activation/2.0.1/angus-activation-2.0.1.jar:/home/pn-zbook-g3/.m2/repository/org/glassfish/jaxb/txw2/4.0.4/txw2-4.0.4.jar:/home/pn-zbook-g3/.m2/repository/com/sun/istack/istack-commons-runtime/4.1.2/istack-commons-runtime-4.1.2.jar:/home/pn-zbook-g3/.m2/repository/jakarta/inject/jakarta.inject-api/2.0.1/jakarta.inject-api-2.0.1.jar:/home/pn-zbook-g3/.m2/repository/org/antlr/antlr4-runtime/4.13.0/antlr4-runtime-4.13.0.jar:/home/pn-zbook-g3/.m2/repository/org/springframework/data/spring-data-jpa/3.2.1/spring-data-jpa-3.2.1.jar:/home/pn-zbook-g3/.m2/repository/org/springframework/data/spring-data-commons/3.2.1/spring-data-commons-3.2.1.jar:/home/pn-zbook-g3/.m2/repository/org/springframework/spring-orm/6.1.2/spring-orm-6.1.2.jar:/home/pn-zbook-g3/.m2/repository/org/springframework/spring-beans/6.1.2/spring-beans-6.1.2.jar:/home/pn-zbook-g3/.m2/repository/jakarta/annotation/jakarta.annotation-api/2.1.1/jakarta.annotation-api-2.1.1.jar:/home/pn-zbook-g3/.m2/repository/org/springframework/spring-aspects/6.1.2/spring-aspects-6.1.2.jar:/home/pn-zbook-g3/.m2/repository/org/springframework/boot/spring-boot-starter-web/3.2.1/spring-boot-starter-web-3.2.1.jar:/home/pn-zbook-g3/.m2/repository/org/springframework/boot/spring-boot-starter/3.2.1/spring-boot-starter-3.2.1.jar:/home/pn-zbook-g3/.m2/repository/org/springframework/boot/spring-boot/3.2.1/spring-boot-3.2.1.jar:/home/pn-zbook-g3/.m2/repository/org/springframework/boot/spring-boot-autoconfigure/3.2.1/spring-boot-autoconfigure-3.2.1.jar:/home/pn-zbook-g3/.m2/repository/org/springframework/boot/spring-boot-starter-logging/3.2.1/spring-boot-starter-logging-3.2.1.jar:/home/pn-zbook-g3/.m2/repository/org/apache/logging/log4j/log4j-to-slf4j/2.21.1/log4j-to-slf4j-2.21.1.jar:/home/pn-zbook-g3/.m2/repository/org/apache/logging/log4j/log4j-api/2.21.1/log4j-api-2.21.1.jar:/home/pn-zbook-g3/.m2/repository/org/slf4j/jul-to-slf4j/2.0.9/jul-to-slf4j-2.0.9.jar:/home/pn-zbook-g3/.m2/repository/org/springframework/boot/spring-boot-starter-json/3.2.1/spring-boot-starter-json-3.2.1.jar:/home/pn-zbook-g3/.m2/repository/com/fasterxml/jackson/datatype/jackson-datatype-jdk8/2.15.3/jackson-datatype-jdk8-2.15.3.jar:/home/pn-zbook-g3/.m2/repository/com/fasterxml/jackson/datatype/jackson-datatype-jsr310/2.15.3/jackson-datatype-jsr310-2.15.3.jar:/home/pn-zbook-g3/.m2/repository/com/fasterxml/jackson/module/jackson-module-parameter-names/2.15.3/jackson-module-parameter-names-2.15.3.jar:/home/pn-zbook-g3/.m2/repository/org/springframework/boot/spring-boot-starter-tomcat/3.2.1/spring-boot-starter-tomcat-3.2.1.jar:/home/pn-zbook-g3/.m2/repository/org/apache/tomcat/embed/tomcat-embed-core/10.1.17/tomcat-embed-core-10.1.17.jar:/home/pn-zbook-g3/.m2/repository/org/apache/tomcat/embed/tomcat-embed-el/10.1.17/tomcat-embed-el-10.1.17.jar:/home/pn-zbook-g3/.m2/repository/org/apache/tomcat/embed/tomcat-embed-websocket/10.1.17/tomcat-embed-websocket-10.1.17.jar:/home/pn-zbook-g3/.m2/repository/org/springframework/spring-web/6.1.2/spring-web-6.1.2.jar:/home/pn-zbook-g3/.m2/repository/org/springframework/spring-webmvc/6.1.2/spring-webmvc-6.1.2.jar:/home/pn-zbook-g3/.m2/repository/org/springframework/spring-expression/6.1.2/spring-expression-6.1.2.jar:/home/pn-zbook-g3/.m2/repository/org/springframework/cloud/spring-cloud-starter-config/4.1.0/spring-cloud-starter-config-4.1.0.jar:/home/pn-zbook-g3/.m2/repository/org/springframework/cloud/spring-cloud-starter/4.1.0/spring-cloud-starter-4.1.0.jar:/home/pn-zbook-g3/.m2/repository/org/springframework/cloud/spring-cloud-context/4.1.0/spring-cloud-context-4.1.0.jar:/home/pn-zbook-g3/.m2/repository/org/springframework/security/spring-security-rsa/1.1.1/spring-security-rsa-1.1.1.jar:/home/pn-zbook-g3/.m2/repository/org/bouncycastle/bcprov-jdk18on/1.74/bcprov-jdk18on-1.74.jar:/home/pn-zbook-g3/.m2/repository/org/springframework/cloud/spring-cloud-config-client/4.1.0/spring-cloud-config-client-4.1.0.jar:/home/pn-zbook-g3/.m2/repository/com/fasterxml/jackson/core/jackson-annotations/2.15.3/jackson-annotations-2.15.3.jar:/home/pn-zbook-g3/.m2/repository/org/apache/httpcomponents/client5/httpclient5/5.2.3/httpclient5-5.2.3.jar:/home/pn-zbook-g3/.m2/repository/org/apache/httpcomponents/core5/httpcore5/5.2.4/httpcore5-5.2.4.jar:/home/pn-zbook-g3/.m2/repository/org/apache/httpcomponents/core5/httpcore5-h2/5.2.4/httpcore5-h2-5.2.4.jar:/home/pn-zbook-g3/.m2/repository/com/fasterxml/jackson/core/jackson-databind/2.15.3/jackson-databind-2.15.3.jar:/home/pn-zbook-g3/.m2/repository/org/springframework/cloud/spring-cloud-starter-bootstrap/4.1.0/spring-cloud-starter-bootstrap-4.1.0.jar:/home/pn-zbook-g3/.m2/repository/org/springframework/cloud/spring-cloud-starter-netflix-eureka-client/4.1.0/spring-cloud-starter-netflix-eureka-client-4.1.0.jar:/home/pn-zbook-g3/.m2/repository/org/springframework/cloud/spring-cloud-netflix-eureka-client/4.1.0/spring-cloud-netflix-eureka-client-4.1.0.jar:/home/pn-zbook-g3/.m2/repository/com/netflix/eureka/eureka-client/2.0.1/eureka-client-2.0.1.jar:/home/pn-zbook-g3/.m2/repository/com/netflix/netflix-commons/netflix-eventbus/0.3.0/netflix-eventbus-0.3.0.jar:/home/pn-zbook-g3/.m2/repository/com/netflix/netflix-commons/netflix-infix/0.3.0/netflix-infix-0.3.0.jar:/home/pn-zbook-g3/.m2/repository/commons-jxpath/commons-jxpath/1.3/commons-jxpath-1.3.jar:/home/pn-zbook-g3/.m2/repository/joda-time/joda-time/2.3/joda-time-2.3.jar:/home/pn-zbook-g3/.m2/repository/org/antlr/antlr-runtime/3.4/antlr-runtime-3.4.jar:/home/pn-zbook-g3/.m2/repository/org/antlr/stringtemplate/3.2.1/stringtemplate-3.2.1.jar:/home/pn-zbook-g3/.m2/repository/antlr/antlr/2.7.7/antlr-2.7.7.jar:/home/pn-zbook-g3/.m2/repository/com/google/code/gson/gson/2.10.1/gson-2.10.1.jar:/home/pn-zbook-g3/.m2/repository/org/apache/commons/commons-math/2.2/commons-math-2.2.jar:/home/pn-zbook-g3/.m2/repository/com/thoughtworks/xstream/xstream/1.4.19/xstream-1.4.19.jar:/home/pn-zbook-g3/.m2/repository/io/github/x-stream/mxparser/1.2.2/mxparser-1.2.2.jar:/home/pn-zbook-g3/.m2/repository/xmlpull/xmlpull/1.1.3.1/xmlpull-1.1.3.1.jar:/home/pn-zbook-g3/.m2/repository/jakarta/ws/rs/jakarta.ws.rs-api/3.1.0/jakarta.ws.rs-api-3.1.0.jar:/home/pn-zbook-g3/.m2/repository/com/netflix/servo/servo-core/0.12.21/servo-core-0.12.21.jar:/home/pn-zbook-g3/.m2/repository/com/google/guava/guava/19.0/guava-19.0.jar:/home/pn-zbook-g3/.m2/repository/org/apache/httpcomponents/httpclient/4.5.3/httpclient-4.5.3.jar:/home/pn-zbook-g3/.m2/repository/org/apache/httpcomponents/httpcore/4.4.16/httpcore-4.4.16.jar:/home/pn-zbook-g3/.m2/repository/commons-codec/commons-codec/1.16.0/commons-codec-1.16.0.jar:/home/pn-zbook-g3/.m2/repository/commons-configuration/commons-configuration/1.10/commons-configuration-1.10.jar:/home/pn-zbook-g3/.m2/repository/commons-lang/commons-lang/2.6/commons-lang-2.6.jar:/home/pn-zbook-g3/.m2/repository/org/codehaus/jettison/jettison/1.4.0/jettison-1.4.0.jar:/home/pn-zbook-g3/.m2/repository/com/netflix/eureka/eureka-core/2.0.1/eureka-core-2.0.1.jar:/home/pn-zbook-g3/.m2/repository/com/fasterxml/woodstox/woodstox-core/6.2.1/woodstox-core-6.2.1.jar:/home/pn-zbook-g3/.m2/repository/org/codehaus/woodstox/stax2-api/4.2.1/stax2-api-4.2.1.jar:/home/pn-zbook-g3/.m2/repository/org/springframework/cloud/spring-cloud-starter-loadbalancer/4.1.0/spring-cloud-starter-loadbalancer-4.1.0.jar:/home/pn-zbook-g3/.m2/repository/org/springframework/cloud/spring-cloud-loadbalancer/4.1.0/spring-cloud-loadbalancer-4.1.0.jar:/home/pn-zbook-g3/.m2/repository/io/projectreactor/reactor-core/3.6.1/reactor-core-3.6.1.jar:/home/pn-zbook-g3/.m2/repository/org/reactivestreams/reactive-streams/1.0.4/reactive-streams-1.0.4.jar:/home/pn-zbook-g3/.m2/repository/io/projectreactor/addons/reactor-extra/3.5.1/reactor-extra-3.5.1.jar:/home/pn-zbook-g3/.m2/repository/org/springframework/boot/spring-boot-starter-cache/3.2.1/spring-boot-starter-cache-3.2.1.jar:/home/pn-zbook-g3/.m2/repository/org/springframework/spring-context-support/6.1.2/spring-context-support-6.1.2.jar:/home/pn-zbook-g3/.m2/repository/com/stoyanr/evictor/1.0.0/evictor-1.0.0.jar:/home/pn-zbook-g3/.m2/repository/org/springframework/cloud/spring-cloud-starter-openfeign/4.1.0/spring-cloud-starter-openfeign-4.1.0.jar:/home/pn-zbook-g3/.m2/repository/org/springframework/cloud/spring-cloud-openfeign-core/4.1.0/spring-cloud-openfeign-core-4.1.0.jar:/home/pn-zbook-g3/.m2/repository/io/github/openfeign/form/feign-form-spring/3.8.0/feign-form-spring-3.8.0.jar:/home/pn-zbook-g3/.m2/repository/io/github/openfeign/form/feign-form/3.8.0/feign-form-3.8.0.jar:/home/pn-zbook-g3/.m2/repository/commons-fileupload/commons-fileupload/1.5/commons-fileupload-1.5.jar:/home/pn-zbook-g3/.m2/repository/org/springframework/cloud/spring-cloud-commons/4.1.0/spring-cloud-commons-4.1.0.jar:/home/pn-zbook-g3/.m2/repository/org/springframework/security/spring-security-crypto/6.2.1/spring-security-crypto-6.2.1.jar:/home/pn-zbook-g3/.m2/repository/io/github/openfeign/feign-core/13.1/feign-core-13.1.jar:/home/pn-zbook-g3/.m2/repository/io/github/openfeign/feign-slf4j/13.1/feign-slf4j-13.1.jar:/home/pn-zbook-g3/.m2/repository/org/springframework/cloud/spring-cloud-starter-circuitbreaker-resilience4j/3.1.0/spring-cloud-starter-circuitbreaker-resilience4j-3.1.0.jar:/home/pn-zbook-g3/.m2/repository/org/springframework/cloud/spring-cloud-circuitbreaker-resilience4j/3.1.0/spring-cloud-circuitbreaker-resilience4j-3.1.0.jar:/home/pn-zbook-g3/.m2/repository/io/github/resilience4j/resilience4j-spring-boot3/2.1.0/resilience4j-spring-boot3-2.1.0.jar:/home/pn-zbook-g3/.m2/repository/io/github/resilience4j/resilience4j-spring6/2.1.0/resilience4j-spring6-2.1.0.jar:/home/pn-zbook-g3/.m2/repository/io/github/resilience4j/resilience4j-annotations/2.1.0/resilience4j-annotations-2.1.0.jar:/home/pn-zbook-g3/.m2/repository/io/github/resilience4j/resilience4j-consumer/2.1.0/resilience4j-consumer-2.1.0.jar:/home/pn-zbook-g3/.m2/repository/io/github/resilience4j/resilience4j-circularbuffer/2.1.0/resilience4j-circularbuffer-2.1.0.jar:/home/pn-zbook-g3/.m2/repository/io/github/resilience4j/resilience4j-framework-common/2.1.0/resilience4j-framework-common-2.1.0.jar:/home/pn-zbook-g3/.m2/repository/io/github/resilience4j/resilience4j-micrometer/2.1.0/resilience4j-micrometer-2.1.0.jar:/home/pn-zbook-g3/.m2/repository/io/micrometer/micrometer-core/1.12.1/micrometer-core-1.12.1.jar:/home/pn-zbook-g3/.m2/repository/org/hdrhistogram/HdrHistogram/2.1.12/HdrHistogram-2.1.12.jar:/home/pn-zbook-g3/.m2/repository/org/latencyutils/LatencyUtils/2.0.3/LatencyUtils-2.0.3.jar:/home/pn-zbook-g3/.m2/repository/io/github/resilience4j/resilience4j-retry/2.1.0/resilience4j-retry-2.1.0.jar:/home/pn-zbook-g3/.m2/repository/io/github/resilience4j/resilience4j-ratelimiter/2.1.0/resilience4j-ratelimiter-2.1.0.jar:/home/pn-zbook-g3/.m2/repository/io/github/resilience4j/resilience4j-circuitbreaker/2.1.0/resilience4j-circuitbreaker-2.1.0.jar:/home/pn-zbook-g3/.m2/repository/io/github/resilience4j/resilience4j-core/2.1.0/resilience4j-core-2.1.0.jar:/home/pn-zbook-g3/.m2/repository/io/github/resilience4j/resilience4j-timelimiter/2.1.0/resilience4j-timelimiter-2.1.0.jar:/home/pn-zbook-g3/.m2/repository/org/springframework/kafka/spring-kafka/3.1.1/spring-kafka-3.1.1.jar:/home/pn-zbook-g3/.m2/repository/org/springframework/spring-context/6.1.2/spring-context-6.1.2.jar:/home/pn-zbook-g3/.m2/repository/org/springframework/spring-messaging/6.1.2/spring-messaging-6.1.2.jar:/home/pn-zbook-g3/.m2/repository/org/springframework/spring-tx/6.1.2/spring-tx-6.1.2.jar:/home/pn-zbook-g3/.m2/repository/org/springframework/retry/spring-retry/2.0.5/spring-retry-2.0.5.jar:/home/pn-zbook-g3/.m2/repository/org/apache/kafka/kafka-clients/3.6.1/kafka-clients-3.6.1.jar:/home/pn-zbook-g3/.m2/repository/com/github/luben/zstd-jni/1.5.5-1/zstd-jni-1.5.5-1.jar:/home/pn-zbook-g3/.m2/repository/org/lz4/lz4-java/1.8.0/lz4-java-1.8.0.jar:/home/pn-zbook-g3/.m2/repository/org/xerial/snappy/snappy-java/1.1.10.5/snappy-java-1.1.10.5.jar:/home/pn-zbook-g3/.m2/repository/io/micrometer/micrometer-observation/1.12.1/micrometer-observation-1.12.1.jar:/home/pn-zbook-g3/.m2/repository/io/micrometer/micrometer-commons/1.12.1/micrometer-commons-1.12.1.jar:/home/pn-zbook-g3/.m2/repository/com/google/code/findbugs/jsr305/3.0.2/jsr305-3.0.2.jar:/home/pn-zbook-g3/.m2/repository/com/mysql/mysql-connector-j/8.1.0/mysql-connector-j-8.1.0.jar:/home/pn-zbook-g3/.m2/repository/org/projectlombok/lombok/1.18.30/lombok-1.18.30.jar:/home/pn-zbook-g3/.m2/repository/org/springframework/boot/spring-boot-starter-test/3.2.1/spring-boot-starter-test-3.2.1.jar:/home/pn-zbook-g3/.m2/repository/org/springframework/boot/spring-boot-test/3.2.1/spring-boot-test-3.2.1.jar:/home/pn-zbook-g3/.m2/repository/org/springframework/boot/spring-boot-test-autoconfigure/3.2.1/spring-boot-test-autoconfigure-3.2.1.jar:/home/pn-zbook-g3/.m2/repository/com/jayway/jsonpath/json-path/2.8.0/json-path-2.8.0.jar:/home/pn-zbook-g3/.m2/repository/jakarta/xml/bind/jakarta.xml.bind-api/4.0.1/jakarta.xml.bind-api-4.0.1.jar:/home/pn-zbook-g3/.m2/repository/jakarta/activation/jakarta.activation-api/2.1.2/jakarta.activation-api-2.1.2.jar:/home/pn-zbook-g3/.m2/repository/net/minidev/json-smart/2.5.0/json-smart-2.5.0.jar:/home/pn-zbook-g3/.m2/repository/net/minidev/accessors-smart/2.5.0/accessors-smart-2.5.0.jar:/home/pn-zbook-g3/.m2/repository/org/ow2/asm/asm/9.3/asm-9.3.jar:/home/pn-zbook-g3/.m2/repository/org/awaitility/awaitility/4.2.0/awaitility-4.2.0.jar:/home/pn-zbook-g3/.m2/repository/org/hamcrest/hamcrest/2.2/hamcrest-2.2.jar:/home/pn-zbook-g3/.m2/repository/org/junit/jupiter/junit-jupiter/5.10.1/junit-jupiter-5.10.1.jar:/home/pn-zbook-g3/.m2/repository/org/junit/jupiter/junit-jupiter-params/5.10.1/junit-jupiter-params-5.10.1.jar:/home/pn-zbook-g3/.m2/repository/org/junit/jupiter/junit-jupiter-engine/5.10.1/junit-jupiter-engine-5.10.1.jar:/home/pn-zbook-g3/.m2/repository/org/mockito/mockito-core/5.7.0/mockito-core-5.7.0.jar:/home/pn-zbook-g3/.m2/repository/net/bytebuddy/byte-buddy-agent/1.14.10/byte-buddy-agent-1.14.10.jar:/home/pn-zbook-g3/.m2/repository/org/objenesis/objenesis/3.3/objenesis-3.3.jar:/home/pn-zbook-g3/.m2/repository/org/mockito/mockito-junit-jupiter/5.7.0/mockito-junit-jupiter-5.7.0.jar:/home/pn-zbook-g3/.m2/repository/org/skyscreamer/jsonassert/1.5.1/jsonassert-1.5.1.jar:/home/pn-zbook-g3/.m2/repository/com/vaadin/external/google/android-json/0.0.20131108.vaadin1/android-json-0.0.20131108.vaadin1.jar:/home/pn-zbook-g3/.m2/repository/org/springframework/spring-core/6.1.2/spring-core-6.1.2.jar:/home/pn-zbook-g3/.m2/repository/org/springframework/spring-jcl/6.1.2/spring-jcl-6.1.2.jar:/home/pn-zbook-g3/.m2/repository/org/springframework/spring-test/6.1.2/spring-test-6.1.2.jar:/home/pn-zbook-g3/.m2/repository/org/xmlunit/xmlunit-core/2.9.1/xmlunit-core-2.9.1.jar:/home/pn-zbook-g3/.m2/repository/com/h2database/h2/2.2.224/h2-2.2.224.jar:/home/pn-zbook-g3/.m2/repository/org/springframework/kafka/spring-kafka-test/3.1.1/spring-kafka-test-3.1.1.jar:/home/pn-zbook-g3/.m2/repository/org/apache/zookeeper/zookeeper/3.8.3/zookeeper-3.8.3.jar:/home/pn-zbook-g3/.m2/repository/org/apache/zookeeper/zookeeper-jute/3.8.3/zookeeper-jute-3.8.3.jar:/home/pn-zbook-g3/.m2/repository/org/apache/yetus/audience-annotations/0.12.0/audience-annotations-0.12.0.jar:/home/pn-zbook-g3/.m2/repository/io/netty/netty-handler/4.1.104.Final/netty-handler-4.1.104.Final.jar:/home/pn-zbook-g3/.m2/repository/io/netty/netty-common/4.1.104.Final/netty-common-4.1.104.Final.jar:/home/pn-zbook-g3/.m2/repository/io/netty/netty-resolver/4.1.104.Final/netty-resolver-4.1.104.Final.jar:/home/pn-zbook-g3/.m2/repository/io/netty/netty-buffer/4.1.104.Final/netty-buffer-4.1.104.Final.jar:/home/pn-zbook-g3/.m2/repository/io/netty/netty-transport/4.1.104.Final/netty-transport-4.1.104.Final.jar:/home/pn-zbook-g3/.m2/repository/io/netty/netty-transport-native-unix-common/4.1.104.Final/netty-transport-native-unix-common-4.1.104.Final.jar:/home/pn-zbook-g3/.m2/repository/io/netty/netty-codec/4.1.104.Final/netty-codec-4.1.104.Final.jar:/home/pn-zbook-g3/.m2/repository/io/netty/netty-transport-native-epoll/4.1.104.Final/netty-transport-native-epoll-4.1.104.Final.jar:/home/pn-zbook-g3/.m2/repository/io/netty/netty-transport-classes-epoll/4.1.104.Final/netty-transport-classes-epoll-4.1.104.Final.jar:/home/pn-zbook-g3/.m2/repository/ch/qos/logback/logback-core/1.4.14/logback-core-1.4.14.jar:/home/pn-zbook-g3/.m2/repository/ch/qos/logback/logback-classic/1.4.14/logback-classic-1.4.14.jar:/home/pn-zbook-g3/.m2/repository/commons-io/commons-io/2.11.0/commons-io-2.11.0.jar:/home/pn-zbook-g3/.m2/repository/org/apache/kafka/kafka-clients/3.6.1/kafka-clients-3.6.1-test.jar:/home/pn-zbook-g3/.m2/repository/org/apache/kafka/kafka-metadata/3.6.1/kafka-metadata-3.6.1.jar:/home/pn-zbook-g3/.m2/repository/org/apache/kafka/kafka-raft/3.6.1/kafka-raft-3.6.1.jar:/home/pn-zbook-g3/.m2/repository/com/yammer/metrics/metrics-core/2.2.0/metrics-core-2.2.0.jar:/home/pn-zbook-g3/.m2/repository/org/apache/kafka/kafka-server-common/3.6.1/kafka-server-common-3.6.1.jar:/home/pn-zbook-g3/.m2/repository/net/sf/jopt-simple/jopt-simple/5.0.4/jopt-simple-5.0.4.jar:/home/pn-zbook-g3/.m2/repository/org/pcollections/pcollections/4.0.1/pcollections-4.0.1.jar:/home/pn-zbook-g3/.m2/repository/org/apache/kafka/kafka-server-common/3.6.1/kafka-server-common-3.6.1-test.jar:/home/pn-zbook-g3/.m2/repository/org/apache/kafka/kafka-streams-test-utils/3.6.1/kafka-streams-test-utils-3.6.1.jar:/home/pn-zbook-g3/.m2/repository/org/apache/kafka/kafka-streams/3.6.1/kafka-streams-3.6.1.jar:/home/pn-zbook-g3/.m2/repository/org/rocksdb/rocksdbjni/7.9.2/rocksdbjni-7.9.2.jar:/home/pn-zbook-g3/.m2/repository/org/apache/kafka/kafka_2.13/3.6.1/kafka_2.13-3.6.1.jar:/home/pn-zbook-g3/.m2/repository/org/scala-lang/scala-library/2.13.11/scala-library-2.13.11.jar:/home/pn-zbook-g3/.m2/repository/org/apache/kafka/kafka-group-coordinator/3.6.1/kafka-group-coordinator-3.6.1.jar:/home/pn-zbook-g3/.m2/repository/org/apache/kafka/kafka-storage-api/3.6.1/kafka-storage-api-3.6.1.jar:/home/pn-zbook-g3/.m2/repository/org/apache/kafka/kafka-tools-api/3.6.1/kafka-tools-api-3.6.1.jar:/home/pn-zbook-g3/.m2/repository/org/apache/kafka/kafka-storage/3.6.1/kafka-storage-3.6.1.jar:/home/pn-zbook-g3/.m2/repository/com/github/ben-manes/caffeine/caffeine/3.1.8/caffeine-3.1.8.jar:/home/pn-zbook-g3/.m2/repository/org/checkerframework/checker-qual/3.37.0/checker-qual-3.37.0.jar:/home/pn-zbook-g3/.m2/repository/com/google/errorprone/error_prone_annotations/2.21.1/error_prone_annotations-2.21.1.jar:/home/pn-zbook-g3/.m2/repository/net/sourceforge/argparse4j/argparse4j/0.7.0/argparse4j-0.7.0.jar:/home/pn-zbook-g3/.m2/repository/commons-validator/commons-validator/1.7/commons-validator-1.7.jar:/home/pn-zbook-g3/.m2/repository/commons-beanutils/commons-beanutils/1.9.4/commons-beanutils-1.9.4.jar:/home/pn-zbook-g3/.m2/repository/commons-digester/commons-digester/2.1/commons-digester-2.1.jar:/home/pn-zbook-g3/.m2/repository/commons-collections/commons-collections/3.2.2/commons-collections-3.2.2.jar:/home/pn-zbook-g3/.m2/repository/com/fasterxml/jackson/module/jackson-module-scala_2.13/2.15.3/jackson-module-scala_2.13-2.15.3.jar:/home/pn-zbook-g3/.m2/repository/com/thoughtworks/paranamer/paranamer/2.8/paranamer-2.8.jar:/home/pn-zbook-g3/.m2/repository/com/fasterxml/jackson/dataformat/jackson-dataformat-csv/2.15.3/jackson-dataformat-csv-2.15.3.jar:/home/pn-zbook-g3/.m2/repository/org/bitbucket/b_c/jose4j/0.9.3/jose4j-0.9.3.jar:/home/pn-zbook-g3/.m2/repository/org/scala-lang/modules/scala-collection-compat_2.13/2.10.0/scala-collection-compat_2.13-2.10.0.jar:/home/pn-zbook-g3/.m2/repository/org/scala-lang/modules/scala-java8-compat_2.13/1.0.2/scala-java8-compat_2.13-1.0.2.jar:/home/pn-zbook-g3/.m2/repository/org/scala-lang/scala-reflect/2.13.11/scala-reflect-2.13.11.jar:/home/pn-zbook-g3/.m2/repository/com/typesafe/scala-logging/scala-logging_2.13/3.9.4/scala-logging_2.13-3.9.4.jar:/home/pn-zbook-g3/.m2/repository/io/dropwizard/metrics/metrics-core/4.2.23/metrics-core-4.2.23.jar:/home/pn-zbook-g3/.m2/repository/commons-cli/commons-cli/1.4/commons-cli-1.4.jar:/home/pn-zbook-g3/.m2/repository/org/apache/kafka/kafka_2.13/3.6.1/kafka_2.13-3.6.1-test.jar:/home/pn-zbook-g3/.m2/repository/org/junit/platform/junit-platform-launcher/1.10.1/junit-platform-launcher-1.10.1.jar:/home/pn-zbook-g3/.m2/repository/org/junit/platform/junit-platform-engine/1.10.1/junit-platform-engine-1.10.1.jar:/home/pn-zbook-g3/.m2/repository/org/testcontainers/kafka/1.18.0/kafka-1.18.0.jar:/home/pn-zbook-g3/.m2/repository/org/testcontainers/testcontainers/1.19.3/testcontainers-1.19.3.jar:/home/pn-zbook-g3/.m2/repository/junit/junit/4.13.2/junit-4.13.2.jar:/home/pn-zbook-g3/.m2/repository/org/hamcrest/hamcrest-core/2.2/hamcrest-core-2.2.jar:/home/pn-zbook-g3/.m2/repository/org/rnorth/duct-tape/duct-tape/1.0.8/duct-tape-1.0.8.jar:/home/pn-zbook-g3/.m2/repository/org/jetbrains/annotations/17.0.0/annotations-17.0.0.jar:/home/pn-zbook-g3/.m2/repository/com/github/docker-java/docker-java-api/3.3.4/docker-java-api-3.3.4.jar:/home/pn-zbook-g3/.m2/repository/com/github/docker-java/docker-java-transport-zerodep/3.3.4/docker-java-transport-zerodep-3.3.4.jar:/home/pn-zbook-g3/.m2/repository/com/github/docker-java/docker-java-transport/3.3.4/docker-java-transport-3.3.4.jar:/home/pn-zbook-g3/.m2/repository/net/java/dev/jna/jna/5.13.0/jna-5.13.0.jar:/home/pn-zbook-g3/.m2/repository/io/confluent/kafka-avro-serializer/5.3.0/kafka-avro-serializer-5.3.0.jar:/home/pn-zbook-g3/.m2/repository/io/confluent/kafka-schema-registry-client/5.3.0/kafka-schema-registry-client-5.3.0.jar:/home/pn-zbook-g3/.m2/repository/io/confluent/common-config/5.3.0/common-config-5.3.0.jar:/home/pn-zbook-g3/.m2/repository/io/confluent/common-utils/5.3.0/common-utils-5.3.0.jar:/home/pn-zbook-g3/.m2/repository/com/101tec/zkclient/0.10/zkclient-0.10.jar:/home/pn-zbook-g3/.m2/repository/org/apache/avro/avro/1.11.0/avro-1.11.0.jar:/home/pn-zbook-g3/.m2/repository/com/fasterxml/jackson/core/jackson-core/2.15.3/jackson-core-2.15.3.jar:/home/pn-zbook-g3/.m2/repository/org/apache/commons/commons-compress/1.21/commons-compress-1.21.jar:/home/pn-zbook-g3/.m2/repository/org/slf4j/slf4j-api/2.0.9/slf4j-api-2.0.9.jar:/home/pn-zbook-g3/.m2/repository/org/junit/jupiter/junit-jupiter-api/5.10.1/junit-jupiter-api-5.10.1.jar:/home/pn-zbook-g3/.m2/repository/org/opentest4j/opentest4j/1.3.0/opentest4j-1.3.0.jar:/home/pn-zbook-g3/.m2/repository/org/junit/platform/junit-platform-commons/1.10.1/junit-platform-commons-1.10.1.jar:/home/pn-zbook-g3/.m2/repository/org/apiguardian/apiguardian-api/1.1.2/apiguardian-api-1.1.2.jar:/home/pn-zbook-g3/.m2/repository/org/assertj/assertj-core/3.24.2/assertj-core-3.24.2.jar:/home/pn-zbook-g3/.m2/repository/net/bytebuddy/byte-buddy/1.14.10/byte-buddy-1.14.10.jar:/home/pn-zbook-g3/.m2/repository/org/yaml/snakeyaml/2.2/snakeyaml-2.2.jar:/home/pn-zbook-g3/.m2/repository/org/springframework/boot/spring-boot-starter-oauth2-resource-server/3.2.1/spring-boot-starter-oauth2-resource-server-3.2.1.jar:/home/pn-zbook-g3/.m2/repository/org/springframework/security/spring-security-config/6.2.1/spring-security-config-6.2.1.jar:/home/pn-zbook-g3/.m2/repository/org/springframework/security/spring-security-core/6.2.1/spring-security-core-6.2.1.jar:/home/pn-zbook-g3/.m2/repository/org/springframework/security/spring-security-oauth2-resource-server/6.2.1/spring-security-oauth2-resource-server-6.2.1.jar:/home/pn-zbook-g3/.m2/repository/org/springframework/security/spring-security-oauth2-core/6.2.1/spring-security-oauth2-core-6.2.1.jar:/home/pn-zbook-g3/.m2/repository/org/springframework/security/spring-security-web/6.2.1/spring-security-web-6.2.1.jar:/home/pn-zbook-g3/.m2/repository/org/springframework/security/spring-security-oauth2-jose/6.2.1/spring-security-oauth2-jose-6.2.1.jar:/home/pn-zbook-g3/.m2/repository/com/nimbusds/nimbus-jose-jwt/9.24.4/nimbus-jose-jwt-9.24.4.jar:/home/pn-zbook-g3/.m2/repository/com/github/stephenc/jcip/jcip-annotations/1.0-1/jcip-annotations-1.0-1.jar:"/>
    <property name="java.vm.vendor" value="Private Build"/>
    <property name="sun.arch.data.model" value="64"/>
    <property name="java.vendor.url" value="Unknown"/>
    <property name="user.timezone" value="Europe/Paris"/>
    <property name="org.jboss.logging.provider" value="slf4j"/>
    <property name="os.name" value="Linux"/>
    <property name="java.vm.specification.version" value="17"/>
    <property name="sun.java.launcher" value="SUN_STANDARD"/>
    <property name="user.country" value="US"/>
    <property name="sun.boot.library.path" value="/usr/lib/jvm/java-17-openjdk-amd64/lib"/>
    <property name="sun.java.command" value="/home/pn-zbook-g3/workspace/devops/AEPC-fullstack-1-application-microservices-protected-with-spring-security-oauth2/aepc-back-bs-ms-modules/aepc-api-spring-secur-oauth2-kafka-avro-bs-ms-company/target/surefire/surefirebooter-20240401165502120_3.jar /home/pn-zbook-g3/workspace/devops/AEPC-fullstack-1-application-microservices-protected-with-spring-security-oauth2/aepc-back-bs-ms-modules/aepc-api-spring-secur-oauth2-kafka-avro-bs-ms-company/target/surefire 2024-04-01T16-55-02_018-jvmRun1 surefire-20240401165502120_1tmp surefire_0-20240401165502120_2tmp"/>
    <property name="jdk.debug" value="release"/>
    <property name="surefire.test.class.path" value="/home/pn-zbook-g3/workspace/devops/AEPC-fullstack-1-application-microservices-protected-with-spring-security-oauth2/aepc-back-bs-ms-modules/aepc-api-spring-secur-oauth2-kafka-avro-bs-ms-company/target/test-classes:/home/pn-zbook-g3/workspace/devops/AEPC-fullstack-1-application-microservices-protected-with-spring-security-oauth2/aepc-back-bs-ms-modules/aepc-api-spring-secur-oauth2-kafka-avro-bs-ms-company/target/classes:/home/pn-zbook-g3/.m2/repository/org/springframework/boot/spring-boot-starter-data-jpa/3.2.1/spring-boot-starter-data-jpa-3.2.1.jar:/home/pn-zbook-g3/.m2/repository/org/springframework/boot/spring-boot-starter-aop/3.2.1/spring-boot-starter-aop-3.2.1.jar:/home/pn-zbook-g3/.m2/repository/org/springframework/spring-aop/6.1.2/spring-aop-6.1.2.jar:/home/pn-zbook-g3/.m2/repository/org/aspectj/aspectjweaver/1.9.21/aspectjweaver-1.9.21.jar:/home/pn-zbook-g3/.m2/repository/org/springframework/boot/spring-boot-starter-jdbc/3.2.1/spring-boot-starter-jdbc-3.2.1.jar:/home/pn-zbook-g3/.m2/repository/com/zaxxer/HikariCP/5.0.1/HikariCP-5.0.1.jar:/home/pn-zbook-g3/.m2/repository/org/springframework/spring-jdbc/6.1.2/spring-jdbc-6.1.2.jar:/home/pn-zbook-g3/.m2/repository/org/hibernate/orm/hibernate-core/6.4.1.Final/hibernate-core-6.4.1.Final.jar:/home/pn-zbook-g3/.m2/repository/jakarta/persistence/jakarta.persistence-api/3.1.0/jakarta.persistence-api-3.1.0.jar:/home/pn-zbook-g3/.m2/repository/jakarta/transaction/jakarta.transaction-api/2.0.1/jakarta.transaction-api-2.0.1.jar:/home/pn-zbook-g3/.m2/repository/org/jboss/logging/jboss-logging/3.5.3.Final/jboss-logging-3.5.3.Final.jar:/home/pn-zbook-g3/.m2/repository/org/hibernate/common/hibernate-commons-annotations/6.0.6.Final/hibernate-commons-annotations-6.0.6.Final.jar:/home/pn-zbook-g3/.m2/repository/io/smallrye/jandex/3.1.2/jandex-3.1.2.jar:/home/pn-zbook-g3/.m2/repository/com/fasterxml/classmate/1.6.0/classmate-1.6.0.jar:/home/pn-zbook-g3/.m2/repository/org/glassfish/jaxb/jaxb-runtime/4.0.4/jaxb-runtime-4.0.4.jar:/home/pn-zbook-g3/.m2/repository/org/glassfish/jaxb/jaxb-core/4.0.4/jaxb-core-4.0.4.jar:/home/pn-zbook-g3/.m2/repository/org/eclipse/angus/angus-activation/2.0.1/angus-activation-2.0.1.jar:/home/pn-zbook-g3/.m2/repository/org/glassfish/jaxb/txw2/4.0.4/txw2-4.0.4.jar:/home/pn-zbook-g3/.m2/repository/com/sun/istack/istack-commons-runtime/4.1.2/istack-commons-runtime-4.1.2.jar:/home/pn-zbook-g3/.m2/repository/jakarta/inject/jakarta.inject-api/2.0.1/jakarta.inject-api-2.0.1.jar:/home/pn-zbook-g3/.m2/repository/org/antlr/antlr4-runtime/4.13.0/antlr4-runtime-4.13.0.jar:/home/pn-zbook-g3/.m2/repository/org/springframework/data/spring-data-jpa/3.2.1/spring-data-jpa-3.2.1.jar:/home/pn-zbook-g3/.m2/repository/org/springframework/data/spring-data-commons/3.2.1/spring-data-commons-3.2.1.jar:/home/pn-zbook-g3/.m2/repository/org/springframework/spring-orm/6.1.2/spring-orm-6.1.2.jar:/home/pn-zbook-g3/.m2/repository/org/springframework/spring-beans/6.1.2/spring-beans-6.1.2.jar:/home/pn-zbook-g3/.m2/repository/jakarta/annotation/jakarta.annotation-api/2.1.1/jakarta.annotation-api-2.1.1.jar:/home/pn-zbook-g3/.m2/repository/org/springframework/spring-aspects/6.1.2/spring-aspects-6.1.2.jar:/home/pn-zbook-g3/.m2/repository/org/springframework/boot/spring-boot-starter-web/3.2.1/spring-boot-starter-web-3.2.1.jar:/home/pn-zbook-g3/.m2/repository/org/springframework/boot/spring-boot-starter/3.2.1/spring-boot-starter-3.2.1.jar:/home/pn-zbook-g3/.m2/repository/org/springframework/boot/spring-boot/3.2.1/spring-boot-3.2.1.jar:/home/pn-zbook-g3/.m2/repository/org/springframework/boot/spring-boot-autoconfigure/3.2.1/spring-boot-autoconfigure-3.2.1.jar:/home/pn-zbook-g3/.m2/repository/org/springframework/boot/spring-boot-starter-logging/3.2.1/spring-boot-starter-logging-3.2.1.jar:/home/pn-zbook-g3/.m2/repository/org/apache/logging/log4j/log4j-to-slf4j/2.21.1/log4j-to-slf4j-2.21.1.jar:/home/pn-zbook-g3/.m2/repository/org/apache/logging/log4j/log4j-api/2.21.1/log4j-api-2.21.1.jar:/home/pn-zbook-g3/.m2/repository/org/slf4j/jul-to-slf4j/2.0.9/jul-to-slf4j-2.0.9.jar:/home/pn-zbook-g3/.m2/repository/org/springframework/boot/spring-boot-starter-json/3.2.1/spring-boot-starter-json-3.2.1.jar:/home/pn-zbook-g3/.m2/repository/com/fasterxml/jackson/datatype/jackson-datatype-jdk8/2.15.3/jackson-datatype-jdk8-2.15.3.jar:/home/pn-zbook-g3/.m2/repository/com/fasterxml/jackson/datatype/jackson-datatype-jsr310/2.15.3/jackson-datatype-jsr310-2.15.3.jar:/home/pn-zbook-g3/.m2/repository/com/fasterxml/jackson/module/jackson-module-parameter-names/2.15.3/jackson-module-parameter-names-2.15.3.jar:/home/pn-zbook-g3/.m2/repository/org/springframework/boot/spring-boot-starter-tomcat/3.2.1/spring-boot-starter-tomcat-3.2.1.jar:/home/pn-zbook-g3/.m2/repository/org/apache/tomcat/embed/tomcat-embed-core/10.1.17/tomcat-embed-core-10.1.17.jar:/home/pn-zbook-g3/.m2/repository/org/apache/tomcat/embed/tomcat-embed-el/10.1.17/tomcat-embed-el-10.1.17.jar:/home/pn-zbook-g3/.m2/repository/org/apache/tomcat/embed/tomcat-embed-websocket/10.1.17/tomcat-embed-websocket-10.1.17.jar:/home/pn-zbook-g3/.m2/repository/org/springframework/spring-web/6.1.2/spring-web-6.1.2.jar:/home/pn-zbook-g3/.m2/repository/org/springframework/spring-webmvc/6.1.2/spring-webmvc-6.1.2.jar:/home/pn-zbook-g3/.m2/repository/org/springframework/spring-expression/6.1.2/spring-expression-6.1.2.jar:/home/pn-zbook-g3/.m2/repository/org/springframework/cloud/spring-cloud-starter-config/4.1.0/spring-cloud-starter-config-4.1.0.jar:/home/pn-zbook-g3/.m2/repository/org/springframework/cloud/spring-cloud-starter/4.1.0/spring-cloud-starter-4.1.0.jar:/home/pn-zbook-g3/.m2/repository/org/springframework/cloud/spring-cloud-context/4.1.0/spring-cloud-context-4.1.0.jar:/home/pn-zbook-g3/.m2/repository/org/springframework/security/spring-security-rsa/1.1.1/spring-security-rsa-1.1.1.jar:/home/pn-zbook-g3/.m2/repository/org/bouncycastle/bcprov-jdk18on/1.74/bcprov-jdk18on-1.74.jar:/home/pn-zbook-g3/.m2/repository/org/springframework/cloud/spring-cloud-config-client/4.1.0/spring-cloud-config-client-4.1.0.jar:/home/pn-zbook-g3/.m2/repository/com/fasterxml/jackson/core/jackson-annotations/2.15.3/jackson-annotations-2.15.3.jar:/home/pn-zbook-g3/.m2/repository/org/apache/httpcomponents/client5/httpclient5/5.2.3/httpclient5-5.2.3.jar:/home/pn-zbook-g3/.m2/repository/org/apache/httpcomponents/core5/httpcore5/5.2.4/httpcore5-5.2.4.jar:/home/pn-zbook-g3/.m2/repository/org/apache/httpcomponents/core5/httpcore5-h2/5.2.4/httpcore5-h2-5.2.4.jar:/home/pn-zbook-g3/.m2/repository/com/fasterxml/jackson/core/jackson-databind/2.15.3/jackson-databind-2.15.3.jar:/home/pn-zbook-g3/.m2/repository/org/springframework/cloud/spring-cloud-starter-bootstrap/4.1.0/spring-cloud-starter-bootstrap-4.1.0.jar:/home/pn-zbook-g3/.m2/repository/org/springframework/cloud/spring-cloud-starter-netflix-eureka-client/4.1.0/spring-cloud-starter-netflix-eureka-client-4.1.0.jar:/home/pn-zbook-g3/.m2/repository/org/springframework/cloud/spring-cloud-netflix-eureka-client/4.1.0/spring-cloud-netflix-eureka-client-4.1.0.jar:/home/pn-zbook-g3/.m2/repository/com/netflix/eureka/eureka-client/2.0.1/eureka-client-2.0.1.jar:/home/pn-zbook-g3/.m2/repository/com/netflix/netflix-commons/netflix-eventbus/0.3.0/netflix-eventbus-0.3.0.jar:/home/pn-zbook-g3/.m2/repository/com/netflix/netflix-commons/netflix-infix/0.3.0/netflix-infix-0.3.0.jar:/home/pn-zbook-g3/.m2/repository/commons-jxpath/commons-jxpath/1.3/commons-jxpath-1.3.jar:/home/pn-zbook-g3/.m2/repository/joda-time/joda-time/2.3/joda-time-2.3.jar:/home/pn-zbook-g3/.m2/repository/org/antlr/antlr-runtime/3.4/antlr-runtime-3.4.jar:/home/pn-zbook-g3/.m2/repository/org/antlr/stringtemplate/3.2.1/stringtemplate-3.2.1.jar:/home/pn-zbook-g3/.m2/repository/antlr/antlr/2.7.7/antlr-2.7.7.jar:/home/pn-zbook-g3/.m2/repository/com/google/code/gson/gson/2.10.1/gson-2.10.1.jar:/home/pn-zbook-g3/.m2/repository/org/apache/commons/commons-math/2.2/commons-math-2.2.jar:/home/pn-zbook-g3/.m2/repository/com/thoughtworks/xstream/xstream/1.4.19/xstream-1.4.19.jar:/home/pn-zbook-g3/.m2/repository/io/github/x-stream/mxparser/1.2.2/mxparser-1.2.2.jar:/home/pn-zbook-g3/.m2/repository/xmlpull/xmlpull/1.1.3.1/xmlpull-1.1.3.1.jar:/home/pn-zbook-g3/.m2/repository/jakarta/ws/rs/jakarta.ws.rs-api/3.1.0/jakarta.ws.rs-api-3.1.0.jar:/home/pn-zbook-g3/.m2/repository/com/netflix/servo/servo-core/0.12.21/servo-core-0.12.21.jar:/home/pn-zbook-g3/.m2/repository/com/google/guava/guava/19.0/guava-19.0.jar:/home/pn-zbook-g3/.m2/repository/org/apache/httpcomponents/httpclient/4.5.3/httpclient-4.5.3.jar:/home/pn-zbook-g3/.m2/repository/org/apache/httpcomponents/httpcore/4.4.16/httpcore-4.4.16.jar:/home/pn-zbook-g3/.m2/repository/commons-codec/commons-codec/1.16.0/commons-codec-1.16.0.jar:/home/pn-zbook-g3/.m2/repository/commons-configuration/commons-configuration/1.10/commons-configuration-1.10.jar:/home/pn-zbook-g3/.m2/repository/commons-lang/commons-lang/2.6/commons-lang-2.6.jar:/home/pn-zbook-g3/.m2/repository/org/codehaus/jettison/jettison/1.4.0/jettison-1.4.0.jar:/home/pn-zbook-g3/.m2/repository/com/netflix/eureka/eureka-core/2.0.1/eureka-core-2.0.1.jar:/home/pn-zbook-g3/.m2/repository/com/fasterxml/woodstox/woodstox-core/6.2.1/woodstox-core-6.2.1.jar:/home/pn-zbook-g3/.m2/repository/org/codehaus/woodstox/stax2-api/4.2.1/stax2-api-4.2.1.jar:/home/pn-zbook-g3/.m2/repository/org/springframework/cloud/spring-cloud-starter-loadbalancer/4.1.0/spring-cloud-starter-loadbalancer-4.1.0.jar:/home/pn-zbook-g3/.m2/repository/org/springframework/cloud/spring-cloud-loadbalancer/4.1.0/spring-cloud-loadbalancer-4.1.0.jar:/home/pn-zbook-g3/.m2/repository/io/projectreactor/reactor-core/3.6.1/reactor-core-3.6.1.jar:/home/pn-zbook-g3/.m2/repository/org/reactivestreams/reactive-streams/1.0.4/reactive-streams-1.0.4.jar:/home/pn-zbook-g3/.m2/repository/io/projectreactor/addons/reactor-extra/3.5.1/reactor-extra-3.5.1.jar:/home/pn-zbook-g3/.m2/repository/org/springframework/boot/spring-boot-starter-cache/3.2.1/spring-boot-starter-cache-3.2.1.jar:/home/pn-zbook-g3/.m2/repository/org/springframework/spring-context-support/6.1.2/spring-context-support-6.1.2.jar:/home/pn-zbook-g3/.m2/repository/com/stoyanr/evictor/1.0.0/evictor-1.0.0.jar:/home/pn-zbook-g3/.m2/repository/org/springframework/cloud/spring-cloud-starter-openfeign/4.1.0/spring-cloud-starter-openfeign-4.1.0.jar:/home/pn-zbook-g3/.m2/repository/org/springframework/cloud/spring-cloud-openfeign-core/4.1.0/spring-cloud-openfeign-core-4.1.0.jar:/home/pn-zbook-g3/.m2/repository/io/github/openfeign/form/feign-form-spring/3.8.0/feign-form-spring-3.8.0.jar:/home/pn-zbook-g3/.m2/repository/io/github/openfeign/form/feign-form/3.8.0/feign-form-3.8.0.jar:/home/pn-zbook-g3/.m2/repository/commons-fileupload/commons-fileupload/1.5/commons-fileupload-1.5.jar:/home/pn-zbook-g3/.m2/repository/org/springframework/cloud/spring-cloud-commons/4.1.0/spring-cloud-commons-4.1.0.jar:/home/pn-zbook-g3/.m2/repository/org/springframework/security/spring-security-crypto/6.2.1/spring-security-crypto-6.2.1.jar:/home/pn-zbook-g3/.m2/repository/io/github/openfeign/feign-core/13.1/feign-core-13.1.jar:/home/pn-zbook-g3/.m2/repository/io/github/openfeign/feign-slf4j/13.1/feign-slf4j-13.1.jar:/home/pn-zbook-g3/.m2/repository/org/springframework/cloud/spring-cloud-starter-circuitbreaker-resilience4j/3.1.0/spring-cloud-starter-circuitbreaker-resilience4j-3.1.0.jar:/home/pn-zbook-g3/.m2/repository/org/springframework/cloud/spring-cloud-circuitbreaker-resilience4j/3.1.0/spring-cloud-circuitbreaker-resilience4j-3.1.0.jar:/home/pn-zbook-g3/.m2/repository/io/github/resilience4j/resilience4j-spring-boot3/2.1.0/resilience4j-spring-boot3-2.1.0.jar:/home/pn-zbook-g3/.m2/repository/io/github/resilience4j/resilience4j-spring6/2.1.0/resilience4j-spring6-2.1.0.jar:/home/pn-zbook-g3/.m2/repository/io/github/resilience4j/resilience4j-annotations/2.1.0/resilience4j-annotations-2.1.0.jar:/home/pn-zbook-g3/.m2/repository/io/github/resilience4j/resilience4j-consumer/2.1.0/resilience4j-consumer-2.1.0.jar:/home/pn-zbook-g3/.m2/repository/io/github/resilience4j/resilience4j-circularbuffer/2.1.0/resilience4j-circularbuffer-2.1.0.jar:/home/pn-zbook-g3/.m2/repository/io/github/resilience4j/resilience4j-framework-common/2.1.0/resilience4j-framework-common-2.1.0.jar:/home/pn-zbook-g3/.m2/repository/io/github/resilience4j/resilience4j-micrometer/2.1.0/resilience4j-micrometer-2.1.0.jar:/home/pn-zbook-g3/.m2/repository/io/micrometer/micrometer-core/1.12.1/micrometer-core-1.12.1.jar:/home/pn-zbook-g3/.m2/repository/org/hdrhistogram/HdrHistogram/2.1.12/HdrHistogram-2.1.12.jar:/home/pn-zbook-g3/.m2/repository/org/latencyutils/LatencyUtils/2.0.3/LatencyUtils-2.0.3.jar:/home/pn-zbook-g3/.m2/repository/io/github/resilience4j/resilience4j-retry/2.1.0/resilience4j-retry-2.1.0.jar:/home/pn-zbook-g3/.m2/repository/io/github/resilience4j/resilience4j-ratelimiter/2.1.0/resilience4j-ratelimiter-2.1.0.jar:/home/pn-zbook-g3/.m2/repository/io/github/resilience4j/resilience4j-circuitbreaker/2.1.0/resilience4j-circuitbreaker-2.1.0.jar:/home/pn-zbook-g3/.m2/repository/io/github/resilience4j/resilience4j-core/2.1.0/resilience4j-core-2.1.0.jar:/home/pn-zbook-g3/.m2/repository/io/github/resilience4j/resilience4j-timelimiter/2.1.0/resilience4j-timelimiter-2.1.0.jar:/home/pn-zbook-g3/.m2/repository/org/springframework/kafka/spring-kafka/3.1.1/spring-kafka-3.1.1.jar:/home/pn-zbook-g3/.m2/repository/org/springframework/spring-context/6.1.2/spring-context-6.1.2.jar:/home/pn-zbook-g3/.m2/repository/org/springframework/spring-messaging/6.1.2/spring-messaging-6.1.2.jar:/home/pn-zbook-g3/.m2/repository/org/springframework/spring-tx/6.1.2/spring-tx-6.1.2.jar:/home/pn-zbook-g3/.m2/repository/org/springframework/retry/spring-retry/2.0.5/spring-retry-2.0.5.jar:/home/pn-zbook-g3/.m2/repository/org/apache/kafka/kafka-clients/3.6.1/kafka-clients-3.6.1.jar:/home/pn-zbook-g3/.m2/repository/com/github/luben/zstd-jni/1.5.5-1/zstd-jni-1.5.5-1.jar:/home/pn-zbook-g3/.m2/repository/org/lz4/lz4-java/1.8.0/lz4-java-1.8.0.jar:/home/pn-zbook-g3/.m2/repository/org/xerial/snappy/snappy-java/1.1.10.5/snappy-java-1.1.10.5.jar:/home/pn-zbook-g3/.m2/repository/io/micrometer/micrometer-observation/1.12.1/micrometer-observation-1.12.1.jar:/home/pn-zbook-g3/.m2/repository/io/micrometer/micrometer-commons/1.12.1/micrometer-commons-1.12.1.jar:/home/pn-zbook-g3/.m2/repository/com/google/code/findbugs/jsr305/3.0.2/jsr305-3.0.2.jar:/home/pn-zbook-g3/.m2/repository/com/mysql/mysql-connector-j/8.1.0/mysql-connector-j-8.1.0.jar:/home/pn-zbook-g3/.m2/repository/org/projectlombok/lombok/1.18.30/lombok-1.18.30.jar:/home/pn-zbook-g3/.m2/repository/org/springframework/boot/spring-boot-starter-test/3.2.1/spring-boot-starter-test-3.2.1.jar:/home/pn-zbook-g3/.m2/repository/org/springframework/boot/spring-boot-test/3.2.1/spring-boot-test-3.2.1.jar:/home/pn-zbook-g3/.m2/repository/org/springframework/boot/spring-boot-test-autoconfigure/3.2.1/spring-boot-test-autoconfigure-3.2.1.jar:/home/pn-zbook-g3/.m2/repository/com/jayway/jsonpath/json-path/2.8.0/json-path-2.8.0.jar:/home/pn-zbook-g3/.m2/repository/jakarta/xml/bind/jakarta.xml.bind-api/4.0.1/jakarta.xml.bind-api-4.0.1.jar:/home/pn-zbook-g3/.m2/repository/jakarta/activation/jakarta.activation-api/2.1.2/jakarta.activation-api-2.1.2.jar:/home/pn-zbook-g3/.m2/repository/net/minidev/json-smart/2.5.0/json-smart-2.5.0.jar:/home/pn-zbook-g3/.m2/repository/net/minidev/accessors-smart/2.5.0/accessors-smart-2.5.0.jar:/home/pn-zbook-g3/.m2/repository/org/ow2/asm/asm/9.3/asm-9.3.jar:/home/pn-zbook-g3/.m2/repository/org/awaitility/awaitility/4.2.0/awaitility-4.2.0.jar:/home/pn-zbook-g3/.m2/repository/org/hamcrest/hamcrest/2.2/hamcrest-2.2.jar:/home/pn-zbook-g3/.m2/repository/org/junit/jupiter/junit-jupiter/5.10.1/junit-jupiter-5.10.1.jar:/home/pn-zbook-g3/.m2/repository/org/junit/jupiter/junit-jupiter-params/5.10.1/junit-jupiter-params-5.10.1.jar:/home/pn-zbook-g3/.m2/repository/org/junit/jupiter/junit-jupiter-engine/5.10.1/junit-jupiter-engine-5.10.1.jar:/home/pn-zbook-g3/.m2/repository/org/mockito/mockito-core/5.7.0/mockito-core-5.7.0.jar:/home/pn-zbook-g3/.m2/repository/net/bytebuddy/byte-buddy-agent/1.14.10/byte-buddy-agent-1.14.10.jar:/home/pn-zbook-g3/.m2/repository/org/objenesis/objenesis/3.3/objenesis-3.3.jar:/home/pn-zbook-g3/.m2/repository/org/mockito/mockito-junit-jupiter/5.7.0/mockito-junit-jupiter-5.7.0.jar:/home/pn-zbook-g3/.m2/repository/org/skyscreamer/jsonassert/1.5.1/jsonassert-1.5.1.jar:/home/pn-zbook-g3/.m2/repository/com/vaadin/external/google/android-json/0.0.20131108.vaadin1/android-json-0.0.20131108.vaadin1.jar:/home/pn-zbook-g3/.m2/repository/org/springframework/spring-core/6.1.2/spring-core-6.1.2.jar:/home/pn-zbook-g3/.m2/repository/org/springframework/spring-jcl/6.1.2/spring-jcl-6.1.2.jar:/home/pn-zbook-g3/.m2/repository/org/springframework/spring-test/6.1.2/spring-test-6.1.2.jar:/home/pn-zbook-g3/.m2/repository/org/xmlunit/xmlunit-core/2.9.1/xmlunit-core-2.9.1.jar:/home/pn-zbook-g3/.m2/repository/com/h2database/h2/2.2.224/h2-2.2.224.jar:/home/pn-zbook-g3/.m2/repository/org/springframework/kafka/spring-kafka-test/3.1.1/spring-kafka-test-3.1.1.jar:/home/pn-zbook-g3/.m2/repository/org/apache/zookeeper/zookeeper/3.8.3/zookeeper-3.8.3.jar:/home/pn-zbook-g3/.m2/repository/org/apache/zookeeper/zookeeper-jute/3.8.3/zookeeper-jute-3.8.3.jar:/home/pn-zbook-g3/.m2/repository/org/apache/yetus/audience-annotations/0.12.0/audience-annotations-0.12.0.jar:/home/pn-zbook-g3/.m2/repository/io/netty/netty-handler/4.1.104.Final/netty-handler-4.1.104.Final.jar:/home/pn-zbook-g3/.m2/repository/io/netty/netty-common/4.1.104.Final/netty-common-4.1.104.Final.jar:/home/pn-zbook-g3/.m2/repository/io/netty/netty-resolver/4.1.104.Final/netty-resolver-4.1.104.Final.jar:/home/pn-zbook-g3/.m2/repository/io/netty/netty-buffer/4.1.104.Final/netty-buffer-4.1.104.Final.jar:/home/pn-zbook-g3/.m2/repository/io/netty/netty-transport/4.1.104.Final/netty-transport-4.1.104.Final.jar:/home/pn-zbook-g3/.m2/repository/io/netty/netty-transport-native-unix-common/4.1.104.Final/netty-transport-native-unix-common-4.1.104.Final.jar:/home/pn-zbook-g3/.m2/repository/io/netty/netty-codec/4.1.104.Final/netty-codec-4.1.104.Final.jar:/home/pn-zbook-g3/.m2/repository/io/netty/netty-transport-native-epoll/4.1.104.Final/netty-transport-native-epoll-4.1.104.Final.jar:/home/pn-zbook-g3/.m2/repository/io/netty/netty-transport-classes-epoll/4.1.104.Final/netty-transport-classes-epoll-4.1.104.Final.jar:/home/pn-zbook-g3/.m2/repository/ch/qos/logback/logback-core/1.4.14/logback-core-1.4.14.jar:/home/pn-zbook-g3/.m2/repository/ch/qos/logback/logback-classic/1.4.14/logback-classic-1.4.14.jar:/home/pn-zbook-g3/.m2/repository/commons-io/commons-io/2.11.0/commons-io-2.11.0.jar:/home/pn-zbook-g3/.m2/repository/org/apache/kafka/kafka-clients/3.6.1/kafka-clients-3.6.1-test.jar:/home/pn-zbook-g3/.m2/repository/org/apache/kafka/kafka-metadata/3.6.1/kafka-metadata-3.6.1.jar:/home/pn-zbook-g3/.m2/repository/org/apache/kafka/kafka-raft/3.6.1/kafka-raft-3.6.1.jar:/home/pn-zbook-g3/.m2/repository/com/yammer/metrics/metrics-core/2.2.0/metrics-core-2.2.0.jar:/home/pn-zbook-g3/.m2/repository/org/apache/kafka/kafka-server-common/3.6.1/kafka-server-common-3.6.1.jar:/home/pn-zbook-g3/.m2/repository/net/sf/jopt-simple/jopt-simple/5.0.4/jopt-simple-5.0.4.jar:/home/pn-zbook-g3/.m2/repository/org/pcollections/pcollections/4.0.1/pcollections-4.0.1.jar:/home/pn-zbook-g3/.m2/repository/org/apache/kafka/kafka-server-common/3.6.1/kafka-server-common-3.6.1-test.jar:/home/pn-zbook-g3/.m2/repository/org/apache/kafka/kafka-streams-test-utils/3.6.1/kafka-streams-test-utils-3.6.1.jar:/home/pn-zbook-g3/.m2/repository/org/apache/kafka/kafka-streams/3.6.1/kafka-streams-3.6.1.jar:/home/pn-zbook-g3/.m2/repository/org/rocksdb/rocksdbjni/7.9.2/rocksdbjni-7.9.2.jar:/home/pn-zbook-g3/.m2/repository/org/apache/kafka/kafka_2.13/3.6.1/kafka_2.13-3.6.1.jar:/home/pn-zbook-g3/.m2/repository/org/scala-lang/scala-library/2.13.11/scala-library-2.13.11.jar:/home/pn-zbook-g3/.m2/repository/org/apache/kafka/kafka-group-coordinator/3.6.1/kafka-group-coordinator-3.6.1.jar:/home/pn-zbook-g3/.m2/repository/org/apache/kafka/kafka-storage-api/3.6.1/kafka-storage-api-3.6.1.jar:/home/pn-zbook-g3/.m2/repository/org/apache/kafka/kafka-tools-api/3.6.1/kafka-tools-api-3.6.1.jar:/home/pn-zbook-g3/.m2/repository/org/apache/kafka/kafka-storage/3.6.1/kafka-storage-3.6.1.jar:/home/pn-zbook-g3/.m2/repository/com/github/ben-manes/caffeine/caffeine/3.1.8/caffeine-3.1.8.jar:/home/pn-zbook-g3/.m2/repository/org/checkerframework/checker-qual/3.37.0/checker-qual-3.37.0.jar:/home/pn-zbook-g3/.m2/repository/com/google/errorprone/error_prone_annotations/2.21.1/error_prone_annotations-2.21.1.jar:/home/pn-zbook-g3/.m2/repository/net/sourceforge/argparse4j/argparse4j/0.7.0/argparse4j-0.7.0.jar:/home/pn-zbook-g3/.m2/repository/commons-validator/commons-validator/1.7/commons-validator-1.7.jar:/home/pn-zbook-g3/.m2/repository/commons-beanutils/commons-beanutils/1.9.4/commons-beanutils-1.9.4.jar:/home/pn-zbook-g3/.m2/repository/commons-digester/commons-digester/2.1/commons-digester-2.1.jar:/home/pn-zbook-g3/.m2/repository/commons-collections/commons-collections/3.2.2/commons-collections-3.2.2.jar:/home/pn-zbook-g3/.m2/repository/com/fasterxml/jackson/module/jackson-module-scala_2.13/2.15.3/jackson-module-scala_2.13-2.15.3.jar:/home/pn-zbook-g3/.m2/repository/com/thoughtworks/paranamer/paranamer/2.8/paranamer-2.8.jar:/home/pn-zbook-g3/.m2/repository/com/fasterxml/jackson/dataformat/jackson-dataformat-csv/2.15.3/jackson-dataformat-csv-2.15.3.jar:/home/pn-zbook-g3/.m2/repository/org/bitbucket/b_c/jose4j/0.9.3/jose4j-0.9.3.jar:/home/pn-zbook-g3/.m2/repository/org/scala-lang/modules/scala-collection-compat_2.13/2.10.0/scala-collection-compat_2.13-2.10.0.jar:/home/pn-zbook-g3/.m2/repository/org/scala-lang/modules/scala-java8-compat_2.13/1.0.2/scala-java8-compat_2.13-1.0.2.jar:/home/pn-zbook-g3/.m2/repository/org/scala-lang/scala-reflect/2.13.11/scala-reflect-2.13.11.jar:/home/pn-zbook-g3/.m2/repository/com/typesafe/scala-logging/scala-logging_2.13/3.9.4/scala-logging_2.13-3.9.4.jar:/home/pn-zbook-g3/.m2/repository/io/dropwizard/metrics/metrics-core/4.2.23/metrics-core-4.2.23.jar:/home/pn-zbook-g3/.m2/repository/commons-cli/commons-cli/1.4/commons-cli-1.4.jar:/home/pn-zbook-g3/.m2/repository/org/apache/kafka/kafka_2.13/3.6.1/kafka_2.13-3.6.1-test.jar:/home/pn-zbook-g3/.m2/repository/org/junit/platform/junit-platform-launcher/1.10.1/junit-platform-launcher-1.10.1.jar:/home/pn-zbook-g3/.m2/repository/org/junit/platform/junit-platform-engine/1.10.1/junit-platform-engine-1.10.1.jar:/home/pn-zbook-g3/.m2/repository/org/testcontainers/kafka/1.18.0/kafka-1.18.0.jar:/home/pn-zbook-g3/.m2/repository/org/testcontainers/testcontainers/1.19.3/testcontainers-1.19.3.jar:/home/pn-zbook-g3/.m2/repository/junit/junit/4.13.2/junit-4.13.2.jar:/home/pn-zbook-g3/.m2/repository/org/hamcrest/hamcrest-core/2.2/hamcrest-core-2.2.jar:/home/pn-zbook-g3/.m2/repository/org/rnorth/duct-tape/duct-tape/1.0.8/duct-tape-1.0.8.jar:/home/pn-zbook-g3/.m2/repository/org/jetbrains/annotations/17.0.0/annotations-17.0.0.jar:/home/pn-zbook-g3/.m2/repository/com/github/docker-java/docker-java-api/3.3.4/docker-java-api-3.3.4.jar:/home/pn-zbook-g3/.m2/repository/com/github/docker-java/docker-java-transport-zerodep/3.3.4/docker-java-transport-zerodep-3.3.4.jar:/home/pn-zbook-g3/.m2/repository/com/github/docker-java/docker-java-transport/3.3.4/docker-java-transport-3.3.4.jar:/home/pn-zbook-g3/.m2/repository/net/java/dev/jna/jna/5.13.0/jna-5.13.0.jar:/home/pn-zbook-g3/.m2/repository/io/confluent/kafka-avro-serializer/5.3.0/kafka-avro-serializer-5.3.0.jar:/home/pn-zbook-g3/.m2/repository/io/confluent/kafka-schema-registry-client/5.3.0/kafka-schema-registry-client-5.3.0.jar:/home/pn-zbook-g3/.m2/repository/io/confluent/common-config/5.3.0/common-config-5.3.0.jar:/home/pn-zbook-g3/.m2/repository/io/confluent/common-utils/5.3.0/common-utils-5.3.0.jar:/home/pn-zbook-g3/.m2/repository/com/101tec/zkclient/0.10/zkclient-0.10.jar:/home/pn-zbook-g3/.m2/repository/org/apache/avro/avro/1.11.0/avro-1.11.0.jar:/home/pn-zbook-g3/.m2/repository/com/fasterxml/jackson/core/jackson-core/2.15.3/jackson-core-2.15.3.jar:/home/pn-zbook-g3/.m2/repository/org/apache/commons/commons-compress/1.21/commons-compress-1.21.jar:/home/pn-zbook-g3/.m2/repository/org/slf4j/slf4j-api/2.0.9/slf4j-api-2.0.9.jar:/home/pn-zbook-g3/.m2/repository/org/junit/jupiter/junit-jupiter-api/5.10.1/junit-jupiter-api-5.10.1.jar:/home/pn-zbook-g3/.m2/repository/org/opentest4j/opentest4j/1.3.0/opentest4j-1.3.0.jar:/home/pn-zbook-g3/.m2/repository/org/junit/platform/junit-platform-commons/1.10.1/junit-platform-commons-1.10.1.jar:/home/pn-zbook-g3/.m2/repository/org/apiguardian/apiguardian-api/1.1.2/apiguardian-api-1.1.2.jar:/home/pn-zbook-g3/.m2/repository/org/assertj/assertj-core/3.24.2/assertj-core-3.24.2.jar:/home/pn-zbook-g3/.m2/repository/net/bytebuddy/byte-buddy/1.14.10/byte-buddy-1.14.10.jar:/home/pn-zbook-g3/.m2/repository/org/yaml/snakeyaml/2.2/snakeyaml-2.2.jar:/home/pn-zbook-g3/.m2/repository/org/springframework/boot/spring-boot-starter-oauth2-resource-server/3.2.1/spring-boot-starter-oauth2-resource-server-3.2.1.jar:/home/pn-zbook-g3/.m2/repository/org/springframework/security/spring-security-config/6.2.1/spring-security-config-6.2.1.jar:/home/pn-zbook-g3/.m2/repository/org/springframework/security/spring-security-core/6.2.1/spring-security-core-6.2.1.jar:/home/pn-zbook-g3/.m2/repository/org/springframework/security/spring-security-oauth2-resource-server/6.2.1/spring-security-oauth2-resource-server-6.2.1.jar:/home/pn-zbook-g3/.m2/repository/org/springframework/security/spring-security-oauth2-core/6.2.1/spring-security-oauth2-core-6.2.1.jar:/home/pn-zbook-g3/.m2/repository/org/springframework/security/spring-security-web/6.2.1/spring-security-web-6.2.1.jar:/home/pn-zbook-g3/.m2/repository/org/springframework/security/spring-security-oauth2-jose/6.2.1/spring-security-oauth2-jose-6.2.1.jar:/home/pn-zbook-g3/.m2/repository/com/nimbusds/nimbus-jose-jwt/9.24.4/nimbus-jose-jwt-9.24.4.jar:/home/pn-zbook-g3/.m2/repository/com/github/stephenc/jcip/jcip-annotations/1.0-1/jcip-annotations-1.0-1.jar:"/>
    <property name="sun.cpu.endian" value="little"/>
    <property name="user.home" value="/home/pn-zbook-g3"/>
    <property name="user.language" value="en"/>
    <property name="java.specification.vendor" value="Oracle Corporation"/>
    <property name="java.version.date" value="2024-01-16"/>
    <property name="java.home" value="/usr/lib/jvm/java-17-openjdk-amd64"/>
    <property name="kafka.bootstrapAddress" value="PLAINTEXT://localhost:32815"/>
    <property name="file.separator" value="/"/>
    <property name="basedir" value="/home/pn-zbook-g3/workspace/devops/AEPC-fullstack-1-application-microservices-protected-with-spring-security-oauth2/aepc-back-bs-ms-modules/aepc-api-spring-secur-oauth2-kafka-avro-bs-ms-company"/>
    <property name="java.vm.compressedOopsMode" value="Zero based"/>
    <property name="line.separator" value="&#10;"/>
    <property name="java.specification.name" value="Java Platform API Specification"/>
    <property name="java.vm.specification.vendor" value="Oracle Corporation"/>
    <property name="FILE_LOG_CHARSET" value="UTF-8"/>
    <property name="java.awt.headless" value="true"/>
    <property name="surefire.real.class.path" value="/home/pn-zbook-g3/workspace/devops/AEPC-fullstack-1-application-microservices-protected-with-spring-security-oauth2/aepc-back-bs-ms-modules/aepc-api-spring-secur-oauth2-kafka-avro-bs-ms-company/target/surefire/surefirebooter-20240401165502120_3.jar"/>
    <property name="sun.management.compiler" value="HotSpot 64-Bit Tiered Compilers"/>
    <property name="java.runtime.version" value="17.0.10+7-Ubuntu-120.04.1"/>
    <property name="user.name" value="pn-zbook-g3"/>
    <property name="path.separator" value=":"/>
    <property name="os.version" value="5.15.0-101-generic"/>
    <property name="java.runtime.name" value="OpenJDK Runtime Environment"/>
    <property name="file.encoding" value="UTF-8"/>
    <property name="java.vm.name" value="OpenJDK 64-Bit Server VM"/>
    <property name="localRepository" value="/home/pn-zbook-g3/.m2/repository"/>
    <property name="java.vendor.url.bug" value="Unknown"/>
    <property name="java.io.tmpdir" value="/tmp"/>
    <property name="idea.version" value="2023.3.2"/>
    <property name="com.zaxxer.hikari.pool_number" value="1"/>
    <property name="java.version" value="17.0.10"/>
    <property name="user.dir" value="/home/pn-zbook-g3/workspace/devops/AEPC-fullstack-1-application-microservices-protected-with-spring-security-oauth2/aepc-back-bs-ms-modules/aepc-api-spring-secur-oauth2-kafka-avro-bs-ms-company"/>
    <property name="os.arch" value="amd64"/>
    <property name="java.vm.specification.name" value="Java Virtual Machine Specification"/>
    <property name="PID" value="189115"/>
    <property name="CONSOLE_LOG_CHARSET" value="UTF-8"/>
    <property name="native.encoding" value="UTF-8"/>
    <property name="java.library.path" value="/usr/java/packages/lib:/usr/lib/x86_64-linux-gnu/jni:/lib/x86_64-linux-gnu:/usr/lib/x86_64-linux-gnu:/usr/lib/jni:/lib:/usr/lib"/>
    <property name="java.vm.info" value="mixed mode, sharing"/>
    <property name="java.vendor" value="Private Build"/>
    <property name="java.vm.version" value="17.0.10+7-Ubuntu-120.04.1"/>
    <property name="sun.io.unicode.encoding" value="UnicodeLittle"/>
    <property name="java.class.version" value="61.0"/>
  </properties>
  <testcase name="editCompany" classname="com.placide.k8skafkaavroaepccleanarchibsmicroscompany.infra.adapters.output.services.OutputCompanyServiceImplTest" time="0.074">
    <system-out><![CDATA[2024-04-01T16:55:38.409+02:00  INFO 189115 --- [           main] c.p.k.i.a.o.s.OutputCompanyServiceImpl   : company to edit:<Company[id:'uuid', name:'natan', agency:'paris', type:'esn', connected-date:2024-04-01 16:55:38.406, address:Address-API [id:'1L', num:2, street:'Allée de la Haye du Temple', po-box:59160, city:'Lomme', country:'France']]]]><![CDATA[> consumed from topic:<topic3>
2024-04-01T16:55:38.411+02:00  INFO 189115 --- [           main] c.p.k.i.a.o.s.OutputCompanyServiceImpl   : company to edit:<Company[id:'uuid', name:'natan', agency:'paris', type:'esn', connected-date:2024-04-01 16:55:38.406, address:Address-API [id:'1L', num:2, street:'Allée de la Haye du Temple', po-box:59160, city:'Lomme', country:'France']]]]><![CDATA[> consumed from topic:<${topics.names.topic3}>
]]></system-out>
  </testcase>
  <testcase name="consumeKafkaEventCompanyEdit" classname="com.placide.k8skafkaavroaepccleanarchibsmicroscompany.infra.adapters.output.services.OutputCompanyServiceImplTest" time="0.004">
    <system-out><![CDATA[2024-04-01T16:55:38.419+02:00  INFO 189115 --- [           main] c.p.k.i.a.o.s.OutputCompanyServiceImpl   : company to edit:<Company[id:'uuid', name:'natan', agency:'paris', type:'esn', connected-date:2024-04-01 16:55:38.419, address:Address-API [id:'1L', num:2, street:'Allée de la Haye du Temple', po-box:59160, city:'Lomme', country:'France']]]]><![CDATA[> consumed from topic:<topic3>
]]></system-out>
  </testcase>
  <testcase name="getCompanyById" classname="com.placide.k8skafkaavroaepccleanarchibsmicroscompany.infra.adapters.output.services.OutputCompanyServiceImplTest" time="0.005">
    <system-out><![CDATA[2024-04-01T16:55:38.425+02:00  INFO 189115 --- [           main] p.k.i.a.o.s.OutputCompanyServiceImplTest : Company[id:'uuid', name:'natan', agency:'paris', type:'esn', connected-date:2024-04-01 16:55:38.424, address:null]
]]></system-out>
  </testcase>
  <testcase name="loadAllCompanies" classname="com.placide.k8skafkaavroaepccleanarchibsmicroscompany.infra.adapters.output.services.OutputCompanyServiceImplTest" time="0.006"/>
  <testcase name="consumeKafkaEventCompanyCreate" classname="com.placide.k8skafkaavroaepccleanarchibsmicroscompany.infra.adapters.output.services.OutputCompanyServiceImplTest" time="0.005">
    <system-out><![CDATA[2024-04-01T16:55:38.438+02:00  INFO 189115 --- [           main] c.p.k.i.a.o.s.OutputCompanyServiceImpl   : company to create:<Company[id:'uuid', name:'natan', agency:'paris', type:'esn', connected-date:2024-04-01 16:55:38.438, address:Address-API [id:'1L', num:2, street:'Allée de la Haye du Temple', po-box:59160, city:'Lomme', country:'France']]]]><![CDATA[> consumed from topic:<topic1>
2024-04-01T16:55:38.438+02:00  INFO 189115 --- [           main] p.k.i.a.o.s.OutputCompanyServiceImplTest : consumed company to create <Company[id:'uuid', name:'natan', agency:'paris', type:'esn', connected-date:2024-04-01 16:55:38.438, address:Address-API [id:'1L', num:2, street:'Allée de la Haye du Temple', po-box:59160, city:'Lomme', country:'France']]]]><![CDATA[> 
]]></system-out>
  </testcase>
  <testcase name="consumeKafkaEventCompanyDelete" classname="com.placide.k8skafkaavroaepccleanarchibsmicroscompany.infra.adapters.output.services.OutputCompanyServiceImplTest" time="0.004">
    <system-out><![CDATA[2024-04-01T16:55:38.445+02:00  INFO 189115 --- [           main] c.p.k.i.a.o.s.OutputCompanyServiceImpl   : company to delete:<Company[id:'uuid', name:'natan', agency:'paris', type:'esn', connected-date:2024-04-01 16:55:38.444, address:Address-API [id:'1L', num:2, street:'Allée de la Haye du Temple', po-box:59160, city:'Lomme', country:'France']]]]><![CDATA[> consumed from topic:<topic2>
]]></system-out>
  </testcase>
  <testcase name="deleteCompany" classname="com.placide.k8skafkaavroaepccleanarchibsmicroscompany.infra.adapters.output.services.OutputCompanyServiceImplTest" time="0.009"/>
  <testcase name="saveCompany" classname="com.placide.k8skafkaavroaepccleanarchibsmicroscompany.infra.adapters.output.services.OutputCompanyServiceImplTest" time="0.025">
    <system-out><![CDATA[2024-04-01T16:55:38.460+02:00  INFO 189115 --- [           main] c.p.k.i.a.o.s.OutputCompanyServiceImpl   : company to create:<Company[id:'uuid', name:'natan', agency:'paris', type:'esn', connected-date:2024-04-01 16:55:38.46, address:Address-API [id:'1L', num:2, street:'Allée de la Haye du Temple', po-box:59160, city:'Lomme', country:'France']]]]><![CDATA[> consumed from topic:<topic1>
2024-04-01T16:55:38.461+02:00  INFO 189115 --- [           main] c.p.k.i.a.o.s.OutputCompanyServiceImpl   : company to create:<Company[id:'uuid', name:'natan', agency:'paris', type:'esn', connected-date:2024-04-01 16:55:38.46, address:Address-API [id:'1L', num:2, street:'Allée de la Haye du Temple', po-box:59160, city:'Lomme', country:'France']]]]><![CDATA[> consumed from topic:<company-group-id>
]]></system-out>
  </testcase>
  <testcase name="loadCompanyByInfo" classname="com.placide.k8skafkaavroaepccleanarchibsmicroscompany.infra.adapters.output.services.OutputCompanyServiceImplTest" time="0.007"/>
</testsuite>